<?xml version="1.0" encoding="UTF-8"?>
<!-- Generated by org.testng.reporters.JUnitReportReporter -->
<testsuite name="com.niuguwang.test.apitestJava.cases.GetUserStocksTest" tests="1" time="0.107" ignored="0" failures="0" timestamp="23 七月 2018 06:40:24 GMT" skipped="0" hostname="ngw9-PC" errors="0">
  <testcase name="getUserStocks" time="0.107" classname="com.niuguwang.test.apitestJava.cases.GetUserStocksTest"/>
</testsuite> <!-- com.niuguwang.test.apitestJava.cases.GetUserStocksTest -->
