<?xml version="1.0" encoding="UTF-8"?>
<!-- Generated by org.testng.reporters.JUnitReportReporter -->
<testsuite name="com.niuguwang.test.apitestJava.cases.AddQuestionTest" tests="6" time="0.927" ignored="0" failures="0" timestamp="24 七月 2018 07:37:10 GMT" skipped="0" hostname="ngw9-PC" errors="0">
  <testcase name="addquestionList" time="0.091" classname="com.niuguwang.test.apitestJava.cases.AddQuestionTest"/>
  <testcase name="addquestionList" time="0.046" classname="com.niuguwang.test.apitestJava.cases.AddQuestionTest"/>
  <testcase name="addquestionList" time="0.331" classname="com.niuguwang.test.apitestJava.cases.AddQuestionTest"/>
  <testcase name="addquestionList" time="0.289" classname="com.niuguwang.test.apitestJava.cases.AddQuestionTest"/>
  <testcase name="addquestionList" time="0.026" classname="com.niuguwang.test.apitestJava.cases.AddQuestionTest"/>
  <testcase name="addquestionList" time="0.144" classname="com.niuguwang.test.apitestJava.cases.AddQuestionTest"/>
</testsuite> <!-- com.niuguwang.test.apitestJava.cases.AddQuestionTest -->
