<?xml version="1.0" encoding="UTF-8"?>
<!-- Generated by org.testng.reporters.JUnitReportReporter -->
<testsuite name="com.niuguwang.test.apitestJava.cases.AddQuestionTest" tests="6" time="0.692" ignored="0" failures="0" timestamp="23 七月 2018 06:40:24 GMT" skipped="0" hostname="ngw9-PC" errors="0">
  <testcase name="addquestionList" time="0.213" classname="com.niuguwang.test.apitestJava.cases.AddQuestionTest"/>
  <testcase name="addquestionList" time="0.216" classname="com.niuguwang.test.apitestJava.cases.AddQuestionTest"/>
  <testcase name="addquestionList" time="0.104" classname="com.niuguwang.test.apitestJava.cases.AddQuestionTest"/>
  <testcase name="addquestionList" time="0.068" classname="com.niuguwang.test.apitestJava.cases.AddQuestionTest"/>
  <testcase name="addquestionList" time="0.059" classname="com.niuguwang.test.apitestJava.cases.AddQuestionTest"/>
  <testcase name="addquestionList" time="0.032" classname="com.niuguwang.test.apitestJava.cases.AddQuestionTest"/>
</testsuite> <!-- com.niuguwang.test.apitestJava.cases.AddQuestionTest -->
