<?xml version="1.0" encoding="UTF-8"?>
<!-- Generated by org.testng.reporters.JUnitReportReporter -->
<testsuite name="com.niuguwang.test.apitestJava.cases.UploadLogoTest" tests="1" time="1.478" ignored="0" failures="0" timestamp="17 七月 2018 07:46:14 GMT" skipped="0" hostname="ngw9-PC" errors="0">
  <testcase name="uploadLogo" time="1.478" classname="com.niuguwang.test.apitestJava.cases.UploadLogoTest"/>
</testsuite> <!-- com.niuguwang.test.apitestJava.cases.UploadLogoTest -->
