<?xml version="1.0" encoding="UTF-8"?>
<!-- Generated by org.testng.reporters.JUnitReportReporter -->
<testsuite name="com.niuguwang.test.apitestJava.cases.GetQuestionReplybyLittleTest" tests="1" time="0.329" ignored="0" failures="0" timestamp="24 七月 2018 07:37:10 GMT" skipped="0" hostname="ngw9-PC" errors="0">
  <testcase name="getQuestionReplaybyLittle" time="0.329" classname="com.niuguwang.test.apitestJava.cases.GetQuestionReplybyLittleTest"/>
</testsuite> <!-- com.niuguwang.test.apitestJava.cases.GetQuestionReplybyLittleTest -->
